\BOOKMARK [0][-]{chapter*.1}{\376\377\000A\000b\000s\000t\000r\000a\000c\000t}{}% 1
\BOOKMARK [0][-]{chapter*.2}{\376\377\000A\000c\000k\000n\000o\000w\000l\000e\000d\000g\000e\000m\000e\000n\000t\000s}{}% 2
\BOOKMARK [0][-]{chapter*.2}{\376\377\000D\000e\000d\000i\000c\000a\000t\000i\000o\000n}{}% 3
\BOOKMARK [0][-]{chapter*.2}{\376\377\000T\000a\000b\000l\000e\000\040\000o\000f\000\040\000C\000o\000n\000t\000e\000n\000t\000s}{}% 4
\BOOKMARK [0][-]{chapter*.3}{\376\377\000L\000i\000s\000t\000\040\000o\000f\000\040\000T\000a\000b\000l\000e\000s}{}% 5
\BOOKMARK [0][-]{chapter*.4}{\376\377\000L\000i\000s\000t\000\040\000o\000f\000\040\000F\000i\000g\000u\000r\000e\000s}{}% 6
\BOOKMARK [0][-]{chapter*.5}{\376\377\000L\000i\000s\000t\000\040\000o\000f\000\040\000C\000o\000d\000e\000s}{}% 7
\BOOKMARK [0][-]{chapter*.6}{\376\377\000L\000i\000s\000t\000\040\000o\000f\000\040\000A\000c\000r\000o\000n\000y\000m\000s}{}% 8
\BOOKMARK [0][-]{chapter*.9}{\376\377\000S\000t\000a\000t\000e\000m\000e\000n\000t\000\040\000o\000f\000\040\000C\000o\000n\000t\000r\000i\000b\000u\000t\000i\000o\000n}{}% 9
\BOOKMARK [0][-]{chapter.1}{\376\377\000I\000n\000t\000r\000o\000d\000u\000c\000t\000i\000o\000n}{}% 10
\BOOKMARK [1][-]{section.1.1}{\376\377\000M\000o\000l\000t\000e\000n\000\040\000S\000a\000l\000t\000\040\000N\000u\000c\000l\000e\000a\000r\000\040\000B\000a\000t\000t\000e\000r\000y}{chapter.1}% 11
\BOOKMARK [1][-]{section.1.2}{\376\377\000M\000i\000c\000r\000o\000r\000e\000a\000c\000t\000o\000r\000s}{chapter.1}% 12
\BOOKMARK [1][-]{section.1.3}{\376\377\000M\000o\000l\000t\000e\000n\000\040\000S\000a\000l\000t\000\040\000R\000e\000a\000c\000t\000o\000r\000s}{chapter.1}% 13
\BOOKMARK [1][-]{section.1.4}{\376\377\000S\000c\000o\000p\000e}{chapter.1}% 14
\BOOKMARK [0][-]{chapter.2}{\376\377\000P\000r\000o\000c\000e\000s\000s\000\040\000C\000o\000n\000t\000r\000o\000l\000\040\000E\000n\000g\000i\000n\000e\000e\000r\000i\000n\000g}{}% 15
\BOOKMARK [1][-]{section.2.1}{\376\377\000F\000e\000e\000d\000b\000a\000c\000k}{chapter.2}% 16
\BOOKMARK [1][-]{section.2.2}{\376\377\000F\000e\000e\000d\000f\000o\000r\000w\000a\000r\000d}{chapter.2}% 17
\BOOKMARK [1][-]{section.2.3}{\376\377\000T\000r\000a\000n\000s\000p\000o\000r\000t\000\040\000D\000e\000l\000a\000y\000\040\000P\000r\000o\000b\000l\000e\000m}{chapter.2}% 18
\BOOKMARK [1][-]{section.2.4}{\376\377\000T\000i\000m\000e\000-\000V\000a\000r\000i\000a\000n\000c\000e\000\040\000a\000n\000d\000\040\000N\000o\000n\000-\000L\000i\000n\000e\000a\000r\000i\000t\000y}{chapter.2}% 19
\BOOKMARK [0][-]{chapter.3}{\376\377\000T\000h\000e\000r\000m\000o\000d\000y\000n\000a\000m\000i\000c\000\040\000A\000n\000a\000l\000y\000s\000i\000s\000\040\000o\000n\000\040\000X\000e\000n\000o\000n\000\040\000S\000t\000r\000i\000p\000p\000i\000n\000g}{}% 20
\BOOKMARK [1][-]{section.3.1}{\376\377\000I\000n\000t\000r\000o\000d\000u\000c\000t\000i\000o\000n}{chapter.3}% 21
\BOOKMARK [1][-]{section.3.2}{\376\377\000X\000e\000n\000o\000n\000-\0001\0003\0005\000\040\000D\000e\000c\000a\000y\000\040\000C\000h\000a\000i\000n}{chapter.3}% 22
\BOOKMARK [1][-]{section.3.3}{\376\377\000M\000e\000t\000h\000o\000d\000o\000l\000o\000g\000y}{chapter.3}% 23
\BOOKMARK [1][-]{section.3.4}{\376\377\000R\000e\000s\000u\000l\000t\000s\000\040\000a\000n\000d\000\040\000D\000i\000s\000c\000u\000s\000s\000i\000o\000n}{chapter.3}% 24
\BOOKMARK [1][-]{section.3.5}{\376\377\000F\000u\000t\000u\000r\000e\000\040\000w\000o\000r\000k}{chapter.3}% 25
\BOOKMARK [1][-]{section.3.6}{\376\377\000C\000o\000n\000c\000l\000u\000s\000i\000o\000n\000s}{chapter.3}% 26
\BOOKMARK [0][-]{chapter.4}{\376\377\000R\000e\000a\000c\000t\000o\000r\000\040\000C\000h\000a\000r\000a\000c\000t\000e\000r\000i\000z\000a\000t\000i\000o\000n}{}% 27
\BOOKMARK [1][-]{section.4.1}{\376\377\000R\000e\000a\000c\000t\000o\000r\000\040\000D\000e\000s\000i\000g\000n}{chapter.4}% 28
\BOOKMARK [1][-]{section.4.2}{\376\377\000N\000e\000u\000t\000r\000o\000n\000i\000c\000s\000\040\000M\000o\000d\000e\000l\000i\000n\000g}{chapter.4}% 29
\BOOKMARK [1][-]{section.4.3}{\376\377\000P\000r\000o\000c\000e\000s\000s\000\040\000S\000i\000m\000u\000l\000a\000t\000i\000o\000n}{chapter.4}% 30
\BOOKMARK [1][-]{section.4.4}{\376\377\000C\000o\000n\000t\000r\000o\000l\000l\000e\000r\000\040\000D\000e\000s\000i\000g\000n}{chapter.4}% 31
\BOOKMARK [0][-]{chapter.5}{\376\377\000R\000e\000s\000u\000l\000t\000s\000\040\000a\000n\000d\000\040\000A\000n\000a\000l\000y\000s\000i\000s}{}% 32
\BOOKMARK [1][-]{section.5.1}{\376\377\000S\000e\000r\000p\000e\000n\000t\000\040\000M\000o\000d\000e\000l}{chapter.5}% 33
\BOOKMARK [1][-]{section.5.2}{\376\377\000M\000u\000l\000t\000i\000-\000p\000h\000y\000s\000i\000c\000s\000\040\000S\000i\000m\000u\000l\000a\000t\000i\000o\000n}{chapter.5}% 34
\BOOKMARK [0][-]{chapter.6}{\376\377\000C\000o\000n\000c\000l\000u\000s\000i\000o\000n\000s}{}% 35
\BOOKMARK [1][-]{section.6.1}{\376\377\000L\000i\000m\000i\000t\000a\000t\000i\000o\000n\000s}{chapter.6}% 36
\BOOKMARK [1][-]{section.6.2}{\376\377\000R\000e\000l\000a\000t\000e\000d\000\040\000S\000y\000s\000t\000e\000m\000s}{chapter.6}% 37
\BOOKMARK [1][-]{section.6.3}{\376\377\000S\000u\000m\000m\000a\000r\000y\000\040\000R\000e\000m\000a\000r\000k\000s}{chapter.6}% 38
\BOOKMARK [0][-]{section.6.3}{\376\377\000R\000e\000f\000e\000r\000e\000n\000c\000e\000s}{}% 39
\BOOKMARK [0][-]{appendix.A}{\376\377\000X\000e\000n\000o\000n\000-\0001\0003\0005\000\040\000N\000u\000m\000e\000r\000i\000c\000a\000l\000\040\000S\000o\000l\000v\000e\000r\000\040\000w\000i\000t\000h\000\040\000F\000i\000s\000s\000i\000o\000n\000-\000G\000a\000s\000\040\000S\000t\000r\000i\000p\000p\000i\000n\000g}{}% 40
\BOOKMARK [0][-]{appendix.B}{\376\377\000S\000e\000r\000p\000e\000n\000t\000\040\000D\000e\000c\000k\000\040\000W\000r\000i\000t\000i\000n\000g\000\040\000S\000c\000r\000i\000p\000t}{}% 41
\BOOKMARK [0][-]{appendix.C}{\376\377\000M\000o\000l\000t\000e\000n\000\040\000S\000a\000l\000t\000\040\000N\000u\000c\000l\000e\000a\000r\000\040\000B\000a\000t\000t\000e\000r\000y\000\040\000T\000r\000a\000n\000s\000i\000e\000n\000t\000\040\000S\000i\000m\000u\000l\000a\000t\000o\000r}{}% 42
